<?xml version="1.0" encoding="UTF-8"?>
<!-- Generated by org.testng.reporters.JUnitXMLReporter -->
<testsuite ignored="0" hostname="Naveen" failures="0" tests="16" name="Default test" time="66.281" errors="0" timestamp="2021-08-11T21:01:02 IST">
  <testcase classname="blazedemo.blazedemo.v1.testcases.BookingFlow" name="homePageWebElemetsCheck" time="2.257"/>
  <testcase classname="blazedemo.blazedemo.v1.testcases.BookingFlow" name="checkNavigationToReservePage" time="0.927"/>
  <testcase classname="blazedemo.blazedemo.v1.testcases.BookingFlow" name="checkNavigationToPurchasePage" time="1.282"/>
  <testcase classname="blazedemo.blazedemo.v1.testcases.BookingFlow" name="checkEnteringCustomerDetails" time="1.729"/>
  <testcase classname="blazedemo.blazedemo.v1.testcases.BookingFlow" name="checkForConfirmationPage" time="0.274"/>
  <testcase classname="blazedemo.blazedemo.v1.testcases.BookingFlow" name="checkNavigationAllCountries" time="0.815"/>
  <testcase classname="blazedemo.blazedemo.v1.testcases.BookingFlow" name="checkNavigationAllCountries" time="0.785"/>
  <testcase classname="blazedemo.blazedemo.v1.testcases.BookingFlow" name="checkNavigationAllCountries" time="1.05"/>
  <testcase classname="blazedemo.blazedemo.v1.testcases.BookingFlow" name="checkNavigationAllCountries" time="0.794"/>
  <testcase classname="blazedemo.blazedemo.v1.testcases.BookingFlow" name="checkNavigationAllCountries" time="0.816"/>
  <testcase classname="blazedemo.blazedemo.v1.testcases.BookingFlow" name="checkNavigationAllCountries" time="0.885"/>
  <testcase classname="blazedemo.blazedemo.v1.testcases.BookingFlow" name="checkNavigationAllCountries" time="0.866"/>
  <testcase classname="blazedemo.blazedemo.v1.testcases.BookingFlow" name="checkNaviPurchasePageOnAllFlights" time="12.158"/>
  <testcase classname="blazedemo.blazedemo.v1.testcases.BookingFlow" name="checkNaviPurchasePageOnAllFlights" time="12.78"/>
  <testcase classname="blazedemo.blazedemo.v1.testcases.BookingFlow" name="checkNaviPurchasePageOnAllFlights" time="11.921"/>
  <testcase classname="blazedemo.blazedemo.v1.testcases.BookingFlow" name="checkNaviPurchasePageOnAllFlights" time="11.989"/>
</testsuite> <!-- Default test -->
