-------------------------------------------------------------------------------
Test set: blazedemo.blazedemo.v1.testcases.FunctionalTests
-------------------------------------------------------------------------------
Tests run: 2, Failures: 1, Errors: 0, Skipped: 0, Time elapsed: 13.098 s <<< FAILURE! - in blazedemo.blazedemo.v1.testcases.FunctionalTests
checkThePriceBeforeAndAfterFlighSelection(blazedemo.blazedemo.v1.testcases.FunctionalTests)  Time elapsed: 2.984 s  <<< FAILURE!
java.lang.AssertionError: expected [472.56] but found [ 400]
	at blazedemo.blazedemo.v1.testcases.FunctionalTests.checkThePriceBeforeAndAfterFlighSelection(FunctionalTests.java:23)

