<?xml version="1.0" encoding="UTF-8"?>
<testsuite xmlns:xsi="http://www.w3.org/2001/XMLSchema-instance" xsi:noNamespaceSchemaLocation="https://maven.apache.org/surefire/maven-surefire-plugin/xsd/surefire-test-report.xsd" name="blazedemo.blazedemo.v1.testcases.FunctionalTests" time="13.098" tests="2" errors="0" skipped="0" failures="1">
  <properties>
[...]
</properties>
  <testcase name="checkAllAvailableAirlinesDisplayedonReservePage" classname="blazedemo.blazedemo.v1.testcases.FunctionalTests" time="3.166"/>
  <testcase name="checkThePriceBeforeAndAfterFlighSelection" classname="blazedemo.blazedemo.v1.testcases.FunctionalTests" time="2.984">
    <failure message="expected [472.56] but found [ 400]" type="java.lang.AssertionError">java.lang.AssertionError: expected [472.56] but found [ 400]
	at blazedemo.blazedemo.v1.testcases.FunctionalTests.checkThePriceBeforeAndAfterFlighSelection(FunctionalTests.java:23)
</failure>
  </testcase>
</testsuite>